<?xml version="1.0" encoding="UTF-8"?>
<!-- Generated by org.testng.reporters.JUnitReportReporter -->
<testsuite skipped="0" hostname="SAI-PC" name="com.crm.qa.testcases.HomePageTest" tests="3" failures="0" timestamp="26 Oct 2018 19:25:02 GMT" time="68.315" errors="0">
  <testcase name="verifyHomePageTitle" time="17.288" classname="com.crm.qa.testcases.HomePageTest"/>
  <testcase name="verifyUserNameTest" time="30.890" classname="com.crm.qa.testcases.HomePageTest"/>
  <testcase name="verifyContactLink" time="20.137" classname="com.crm.qa.testcases.HomePageTest"/>
</testsuite> <!-- com.crm.qa.testcases.HomePageTest -->
