<?xml version="1.0" encoding="UTF-8"?>
<!-- Generated by org.testng.reporters.JUnitReportReporter -->
<testsuite skipped="0" hostname="SAI-PC" name="com.crm.qa.testcases.LoginPageTest" tests="3" failures="0" timestamp="26 Oct 2018 19:25:02 GMT" time="37.231" errors="0">
  <testcase name="loginPageTitleTest" time="8.493" classname="com.crm.qa.testcases.LoginPageTest"/>
  <testcase name="crmLogoImageTest" time="13.634" classname="com.crm.qa.testcases.LoginPageTest"/>
  <testcase name="loginTest" time="15.104" classname="com.crm.qa.testcases.LoginPageTest"/>
</testsuite> <!-- com.crm.qa.testcases.LoginPageTest -->
